<?xml version="1.0" encoding="UTF-8"?>
<testng-results ignored="0" total="1" passed="1" failed="0" skipped="0">
  <reporter-output>
  </reporter-output>
  <suite started-at="2020-03-02T19:21:56 IST" name="Default suite" finished-at="2020-03-02T19:21:59 IST" duration-ms="3306">
    <groups>
    </groups>
    <test started-at="2020-03-02T19:21:56 IST" name="Default test" finished-at="2020-03-02T19:21:59 IST" duration-ms="3306">
      <class name="io.vlabs.weather.TestWeatherAPI2">
        <test-method signature="checkConnection()[pri:0, instance:io.vlabs.weather.TestWeatherAPI2@12d4bf7e]" started-at="2020-03-02T19:21:56 IST" name="checkConnection" finished-at="2020-03-02T19:21:59 IST" duration-ms="3223" status="PASS">
          <reporter-output>
          </reporter-output>
        </test-method> <!-- checkConnection -->
      </class> <!-- io.vlabs.weather.TestWeatherAPI2 -->
    </test> <!-- Default test -->
  </suite> <!-- Default suite -->
</testng-results>
